S01700006275696C642F697269732F6D61696E2E7372656343
S11300000C9485010C94A4010C94A4010C94A401F7
S11300100C94A4010C94A4010C94A4010C94A401C8
S11300200C94A4010C94A4010C94A4010C94A401B8
S11300300C94A4010C94210F0C94A4010C94CD09EC
S11300400C94AE190C94E6190C94A30A0C94AE0A01
S11300500C94B90A0C94A4010C94A4010C94A4016A
S11300600C94EE090C94110D0C94A4010C94940DB1
S11300700C94A4010C94E70A0C94A4010C94EE0EC5
S11300800C94CD0E0C94D80E0C94E30E0C94010F2A
S11300900C94B00E0C94A4010C94C20E0C94A40104
S11300A00C94A4010C94A4010C94A4010C94A40138
S11300B00C94A4010C94A4010C94A4010C94A40128
S11300C00C94A4010C94A4010C94A401F42219230B
S11300D0302365236823CD23D023C826D226E626E1
S11300E0E92619271C272727812732284C284F283F
S11300F025294529482953296F29722975297829E1
S11301008629892900002110422063308440A550AB
S1130110C660E770088129914AA16BB18CC1ADD149
S1130120CEE1EFF13112100273325222B5529442F1
S1130130F772D662399318837BB35AA3BDD39CC399
S1130140FFF3DEE36224433420040114E664C7743D
S1130150A44485546AA54BB528850995EEE5CFF5E9
S1130160ACC58DD55336722611163006D776F66691
S11301709556B4465BB77AA719973887DFF7FEE739
S11301809DD7BCC7C448E5588668A778400861185D
S113019002282338CCC9EDD98EE9AFF94889699989
S11301A00AA92BB9F55AD44AB77A966A711A500A31
S11301B0333A122AFDDBDCCBBFFB9EEB799B588BD9
S11301C03BBB1AABA66C877CE44CC55C222C033C7D
S11301D0600C411CAEED8FFDECCDCDDD2AAD0BBD29
S11301E0688D499D977EB66ED55EF44E133E322ED1
S11301F0511E700E9FFFBEEFDDDFFCCF1BBF3AAF79
S1130200599F788F8891A981CAB1EBA10CD12DC1D6
S11302104EF16FE18010A100C230E320045025406C
S113022046706760B9839893FBA3DAB33DC31CD3CC
S11302307FE35EF3B1029012F322D23235421452BC
S113024077625672EAB5CBA5A89589856EF54FE518
S11302502CD50DC5E234C324A0148104667447640C
S113026024540544DBA7FAB79987B8975FE77EF76C
S11302701DC73CD7D326F2369106B016576676765C
S1130280154634564CD96DC90EF92FE9C899E98938
S11302908AB9ABA94458654806782768C018E108AC
S11302A08238A3287DCB5CDB3FEB1EFBF98BD89B0C
S11302B0BBAB9ABB754A545A376A167AF10AD01AFC
S11302C0B32A923A2EFD0FED6CDD4DCDAABD8BAD58
S11302D0E89DC98D267C076C645C454CA23C832C4C
S11302E0E01CC10C1FEF3EFF5DCF7CDF9BAFBABFAC
S11302F0D98FF89F176E367E554E745E932EB23E9C
S1130300D10EF01E00020E060C0411241FBECFEF06
S1130310D1E2DEBFCDBF12E0A0E0B2E0E2E2FDE553
S113032000E00BBF02C007900D92AA31B107D9F7C4
S113033019E0AAE1B2E001C01D92AC34B107E1F7C3
S11303400E94EC290C94902E0C9400008FB7F89422
S1130350992708958FBF08958FB7F894992720910E
S1130360420230914302409166028FBF8FB7F894E6
S1130370E42FFF27EE0FFF1FE25FFD4F3183208341
S113038020913502442311F02B7F01C02D7F20934F
S113039035021092400299278FBF0895AC01E3E81B
S11303A0F4E080E090E09C01858180FF05C08081BD
S11303B091818417950741F0C90101963E968A30D0
S11303C0910589F72FEF30E0C90108950E94CE010D
S11303D08F3F99F09927880F991FFC0123E0EE0FB6
S11303E0FF1F2A95E1F7E81BF90BED57FB4F8581B9
S11303F081FF03C08285938508958FEF90E008956F
S11304000E94CE018F3F19F481E090E0089599276E
S1130410880F991FFC0143E0EE0FFF1F4A95E1F797
S1130420E81BF90BED57FB4F85818860858380E0DD
S113043090E008952F923F924F925F926F927F9235
S11304408F929F92AF92BF92CF92DF92EF92FF92E0
S11304500F931F93CF93DF93CDB7DEB729970FB6D2
S1130460F894DEBF0FBECDBF6FB76983F8942090B8
S11304704A0330904B0340904C0350904D03662444
S113048077248824EEE4AE2E73E8B72ECC24DD2442
S1130490EE24FF2400E010E0222D332D442D552DB1
S11304A0662D772D882D90E00E945D2C2A833B8356
S11304B04C835D836E837F8388879987822E932EF6
S11304C0A42EB52E2401350100E20E945B2DA22E3C
S11304D0B32EC42ED52EA301920156954795379578
S11304E027952A0D3B1D4C1D5D1D57FF05C05F77E9
S11304F02F5F3F4F4F4F5F4F20934A0330934B037F
S113050040934C0350934D03E9818E2F99278FBF5D
S1130510CA01B90129960FB6F894DEBF0FBECDBF4C
S1130520DF91CF911F910F91FF90EF90DF90CF90CB
S1130530BF90AF909F908F907F906F905F904F90FF
S11305403F902F9008950E941A02DC01CB01089578
S1130550282F9FB7F894E82FFF27E259FD4F808199
S11305608F3F81F4E0912A09E21771F40BC02093C4
S11305700D0904C0FF27E259FD4F208320932A0967
S113058020E007C025E005C080910D098F3F91F759
S1130590EECF892F99278FBF822F9927089581E065
S11305A00E94A802992708958AE00E94A802992728
S11305B008958FE00E94A8029927089582E10E947D
S11305C0A8029927089584E10E94A8029927089512
S11305D0EF920F931F93AE2D99E0899FF0011124A0
S11305E0EF5EFA4F408351836283738304831583E0
S11305F026833783A17080858E7F8A2B82608087D3
S113060083E00E94A8021F910F91EF90089587E163
S11306100E94A802992708957FB7F8946091B200C8
S11306202091690230916A0240916B0250916C02F0
S1130630B99B11C08091B3009091B200280F311D75
S1130640411D511D2F5F3F4F4F4F5F4F290F311DEC
S1130650411D511D04C0260F311D411D511D872F01
S113066099278FBFCA01B9010895AF92BF92CF9263
S1130670DF92EF92FF920F931F93F82E5A016B01B2
S11306800E940C03AB01BC01F1E0EF2E9601850141
S11306908F2D0E94E8021F910F91FF90EF90DF9041
S11306A0CF90BF90AF9008956D3118F080E090E046
S11306B008950C96089568E00E945403089562E03A
S11306C00E94540308956E5F0E945403009709F03A
S11306D0029608950B960895CF93DF93FC01DC01F5
S11306E011962181662351F0ED0189819927982F74
S11306F0882733272062822B932B09C0ED0189813F
S11307009927982F88273327822B932B8F7D8183DA
S1130710892F99278983DF91CF91089561E00E9401
S11307206C0380E090E00895FC01CB014285538581
S11307309A0163E0220F331F6A95E1F7240F351FF6
S11307402B5F3F4F820F931F6AE070E00E94EA2DF7
S1130750738762870895FC0164859585662339F45F
S11307608AE0989FB00111246A5070400BC077272B
S11307708AE0989FC00111240E94FE2D6A507040A7
S113078014861586CF010E94940308958091470230
S1130790E82FFF27EE0FFF1FE056F74F0190F0817F
S11307A0E02D20914902222351F08F5F809347026C
S11307B08D3011F410924702215020934902CF0149
S11307C00895AC0120916A042C3018F081E090E087
S11307D0089580915103682F620F712D711DFB01E3
S11307E06C30710508F03C97EE0FFF1FE55EF94F82
S11307F0518340832F5F20936A0480E090E0089542
S1130800AC01209136042C3018F081E090E008957A
S113081080911709682F620F712D711DFB016C30D7
S1130820710508F03C97EE0FFF1FE55DF64F51830D
S113083040832F5F2093360480E090E008950F9367
S11308401F93CF93DF93EC01892BE9F02091C1082A
S11308503091C2088FEF2F3F3807A9F080915B02D7
S1130860813019F4198218820BC00091C3081091C9
S1130870C408C9010E94E601080F191F19830883DF
S113088080E090E002C081E090E0DF91CF911F9181
S11308900F910895FC0180818D50992708950E943D
S11308A04A04885099270895685F0E94540300976A
S11308B009F0089608951F931FB7F89480912309AF
S11308C0882341F481E10E94A802882319F481E07D
S11308D080932309812F99278FBF1F910895CF9368
S11308E0DF93EC01FB0180911B02882309F0BDC05A
S11308F0443009F0BAC0672B09F4B7C08281238160
S11309009927782F66273327622B732B80812181C7
S11309109927582F44273327422B532B80912602A3
S1130920909127020196909327028093260280914A
S11309301C0290911D0284179507E8F450931D0240
S113094040931C0270932302609322028FB7F894A1
S1130950262F332720FF02C0129801C0129A21FFCC
S113096002C0119801C0119A22FF02C0109801C060
S1130970109A99278FBF80911E0290911F024817E9
S1130980590740F450931F0240931E0270932502AE
S1130990609324028091280290912902840F951F6C
S11309A09093290280932802609126027091270275
S11309B00E94EA2D7093210260932002808191812C
S11309C0A281B3818093E6089093E708A093E80896
S11309D0B093E9088FEF8093E0088093DF0889E8FB
S11309E08093E50884E08093E30880913902909134
S11309F03A02892B09F039C02FB7F894332785E0E0
S1130A0080933C0210923D028AED98E09093380264
S1130A108093370282E090E090933A028093390207
S1130A2010923F0210923E0280E180933B022FBF5E
S1130A309FB7F8948091FC03882311F020E006C04E
S1130A4081E08093FC031092FD0321E0892F992714
S1130A508FBF222331F00E945B0481E080931B024C
S1130A6004C010923A0210923902CE01DF91CF9164
S1130A700895FC01635F60830895882319F08CB5A1
S1130A80806402C08CB58F7B8CBD0895882319F0D7
S1130A908CB5806802C08CB58F778CBD08950F9398
S1130AA01F9380E00E943D050FB7F8941127229A06
S1130AB02398219A8CB580618CBD80E00E94460504
S1130AC08DB581608DBD8CB5877F8CBD8CB58B7FDA
S1130AD08CBD8CB58E7F8CBD81E00E943D050FBF1F
S1130AE01F910F9108950F931F93CF93DF93182FA6
S1130AF00FB7F89480912B02882311F40E944F05BC
S1130B00802F99278FBF8FB7F894C82FDD272C2FFC
S1130B1080912B02882361F481E080932B0210934F
S1130B20F50389E00E94A802CFBF80E090E021C0D5
S1130B30E12FFF27ED50FC4F80818F3F89F4E09136
S1130B400902E11789F40CC01093080204C0FF27BE
S1130B50ED50FC4F10831093090280E090E002C036
S1130B6085E090E02FBF05C0809108028F3F79F7A0
S1130B70EBCFDF91CF911F910F9108958FB7F89428
S1130B80282F3327922F80910A02882331F48091F1
S1130B902B02823011F42FBF13C09FBF8FB7F8947C
S1130BA0282F332780912B02882369F482E08093D5
S1130BB02B0210920A022FBF0E944F05209A289AF6
S1130BC081E090E008952FBF80E00E94730580E0EB
S1130BD090E008958FB7F89420917A0430917B04C3
S1130BE040917C0450917D04E0918400F091850053
S1130BF0B09B08C02F5F3F4F4F4F5F4FE091840081
S1130C00F091850099278FBFC901772766279F0137
S1130C1044275527622B732B842B952B0895FC01B5
S1130C2080A9826080AB08958C960895AC01EFB7DB
S1130C30F8942091840030918500C901841B950BA0
S1130C4003968617970720F0B9016D5F7F4F02C0A6
S1130C50640F751F6115710511F461E070E0615056
S1130C607040709389006093880082E086BB809115
S1130C706F00826080936F008E2F99278FBF089535
S1130C80FC01828121819927982F88273327822B81
S1130C90932B85FF1FC087749C7C81549848D1F4A2
S1130CA0878146812FB7F8943327609102027091AF
S1130CB003022FBF20E09927982F88275527842BDC
S1130CC0952B8617970709F021E081E02827822FCA
S1130CD09927089580E090E00895EF92FF920F9392
S1130CE01F937C018FB7F89499270091A802109163
S1130CF0A9020F5E1E4F1093A9020093A80201518E
S1130D0011408FBF87E00E94A802C801B7010E946A
S1130D10EA2D8A5D9E4F1F910F91FF90EF900895E9
S1130D209FB7F894809116068A3011F020E006C02F
S1130D3020E080910903843009F421E0892F992768
S1130D408FBF222349F083E10E94A8028FB7F89451
S1130D5099271092340206C08FB7F894992721E09E
S1130D60209334028FBF08952FB7F89433278093CC
S1130D70C600E0ECF0E08081806480832FBF08959A
S1130D80FC016115710519F481E090E008958091EA
S1130D90F8039091F903892B19F085E090E0089508
S1130DA07093CA086093C908F093F903E093F803B9
S1130DB010923E0310923D0381E080933F038091A3
S1130DC0C00080648093C0008091C10080648093DF
S1130DD0C100808121E030E030933E0320933D0345
S1130DE00E94B40680E090E00895809145028E7FD1
S1130DF0809345028EE780938D0261E070E08DE878
S1130E0092E00E94C00699270895982F969596958A
S1130E109695E8E6F2E0E90FF11D877021E030E0F5
S1130E2002C0220F331F8A95E2F78081822399271B
S1130E300895982F969596959695E0E1F5E0E90F3B
S1130E40F11D877021E030E002C0220F331F8A9524
S1130E50E2F78081822399270895AC012091490209
S1130E602D3018F081E090E0089580914802E82F39
S1130E70FF27EE0FFF1FE056F74F518340838F5F2C
S1130E80809348028D3011F4109248022F5F209312
S1130E90490280E090E0089580911509882319F0B3
S1130EA02FE170E002C078E021E0622FEFB7F89400
S1130EB08091A6028E7F8093A60280917C00982F59
S1130EC09F71829586958695837019F080E090E0F5
S1130ED012C0822F8850863118F081E090E00BC058
S1130EE040E050E03327892F99272817390711F458
S1130EF041E050E0CA01982F9170990F8091A602A9
S1130F008178262F2F71422F440F440F892B842B75
S1130F108093A602332720937C00783059F5809182
S1130F200E0990910F0921E08638920718F087E0A6
S1130F3090E01FC0833C910518F086E090E019C052
S1130F408136910518F085E090E013C08033910557
S1130F5018F084E090E00DC08831910518F083E02A
S1130F6090E007C00C9718F082E090E002C080E0A7
S1130F7090E0782F7770887D872B886D99278093F0
S1130F807A008E2F99278FBF089508950F931F938A
S1130F90CF93DF93282F3327C901880F991FFC01B2
S1130FA0A3E0EE0FFF1FAA95E1F7E81BF90BED573D
S1130FB0FB4F858182FF03C062838B7F858382819F
S1130FC0962F981B628383818F5F838386E0868359
S1130FD0992361F08481890F815084839B3030F0A0
S1130FE0148281E08383178211861086C901880FD9
S1130FF0991FFC0163E0EE0FFF1F6A95E1F7E81B00
S1131000F90BED57FB4F8381833008F471C00081E5
S11310101181C3E8D4E0888199818017910709F090
S113102061C08D8180FF5EC08E81882311F0815064
S11310308E838F81882311F081508F838E81882342
S113104051F48F81882339F48D8191E089278D8330
S11310501986188642C08D8182608D839B816C8144
S1131060690F633008F463E077278FEF989FC0011E
S113107011240E94FE2D888529E0829FC00111243D
S11310800596860F911D6AE070E00E94FE2D688728
S11310901B821C824985662301F14423F1F07727E2
S11310A081E09EEF0E94EA2DCB019B0153E0220FC9
S11310B0331F5A95E1F7642F7727880F991F820F02
S11310C0931F0E94EA2D6A5070406F3F710519F01A
S11310D010F06CE370E0772702C06CE370E0CE019F
S11310E00E9494032E9685E0CF30D80709F093CF61
S11310F0DF91CF911F910F91089580E090E0E8E88F
S1131100F4E09C01808180FF08C0C90101963E96ED
S11311108A309105B1F72FEF30E0C90108959EE0C0
S1131120899FF0011124ED57FB4F71836083128274
S11311301382148285E0858386E086838783108604
S11311401186138612860895982FAFEF60E070E041
S113115040E050E0E8E8F4E08081282F332720FFC6
S11311600BC021FF09C023FD07C025813681261746
S1131170370710F0A42FB9014F5F5F4F3E964A30F6
S1131180510551F7892F99276817790718F48FEFBC
S113119090E008958A2F99270895AC013091670251
S11311A08FEF4F3F580711F020E012C0832F99278B
S11311B00895E22FFF2783E0EE0FFF1F8A95E1F7E2
S11311C0E155FD4F808191818417950719F02F5FB8
S11311D0231779F7822F99270895FC0180818D5078
S11311E0992708951F93CF93DF93162FC0E0D0E083
S11311F06AE10E946303FC0180818123811711F459
S1131200C1E0D0E0CE01DF91CF911F910895FC01A0
S113121082A593A50895AF92BF92CF92DF92EF92E9
S1131220FF920F931F93F82E5A016B010E940C0337
S1131230AB01BC01EE24960185018F2D0E94E802CA
S11312401F910F91FF90EF90DF90CF90BF90AF90E0
S11312500895DF92EF92FF920F931F938FB7F89444
S1131260282F3327D22E9091B3008091B20047B338
S1131270981711F041FF02C02FBF6FC08091410346
S11312808823D1F10E940C03E0905C02F0905D028F
S113129000915E0210915F022091180930911909A2
S11312A040911A0950911B096E197F09800B910B0B
S11312B0621773078407950728F01092410386EE9E
S11312C071E01CC02E0D3F1D401F511F809169020B
S11312D090916A02A0916B02B0916C02281B390BA9
S11312E04A0B5B0B273E31054105510528F4822F3B
S11312F0223018F482E001C086EE70E0682F61505D
S11313008091B60083FDFCCF8091B200681709F488
S11313106F5F2091690230916A0240916B02509193
S11313206C02DA01C9010196A11DB11D860F911D40
S1131330A11DB11D82179307A407B50710F4622FEE
S113134060958091B60083FDFCCF6093B300DFBE4F
S1131350772319F082E00E94A8021F910F91FF9059
S1131360EF90DF900895AFB7F894BB27E1E0E093E6
S1131370410360935C0270935D0280935E029093DC
S11313805F02209318093093190940931A09509366
S11313901B09AFBF0E94290908951F920F920FB62F
S11313A00F9211248F938091B0008093B0008091AC
S11313B0B60081FDFCCF8F910F900FBE0F901F9050
S11313C018951F93182F81E00E943D051EBD0DB492
S11313D007FEFDCF8EB599271F9108951F920F9296
S11313E00FB60F9211248F929F92AF92BF92CF9219
S11313F0DF92EF92FF920F931F932F933F934F939C
S11314005F936F937F938F939F93AF93BF93CF9388
S1131410DF93EF93FF932EB5E091AD05F091AE0508
S1131420309739F08091740490917504E80FF91F96
S113143020838091740490917504019690937504AF
S11314408093740480E00E944605C0917404D09196
S113145075048091520290915302C817D90708F07D
S113146044C000911E0910911F098090AD05909011
S1131470AE052AE0A22EB12CAC0EBD1E8A159B052A
S113148008F45C016401CC0EDD1E7801EC0EFD1E37
S113149015C00115110519F0F701808101C080E024
S11314A00E94E1098114910411F0F60180832196D0
S11314B00894C11CD11C0894E11CF11CC5010197BE
S11314C0C817D90730F381E00E94460501151105BC
S11314D031F00C0F1D1FF80180818EBD01C01EBCB0
S11314E0D0937504C093740411C01092AE05109289
S11314F0AD0510921F0910921E091092530210920A
S1131500520210927504109274048EB5FF91EF91FB
S1131510DF91CF91BF91AF919F918F917F916F9107
S11315205F914F913F912F911F910F91FF90EF90F9
S1131530DF90CF90BF90AF909F908F900F900FBE91
S11315400F901F90189578941F920F920FB60F92D8
S113155011240F900FBE0F901F90189578941F922E
S11315600F920FB60F9211240F900FBE0F901F9081
S1131570189578941F920F920FB60F9211242F93FF
S11315803F938F939F93AF93BF932FB7F8943327D1
S113159080917A0490917B04A0917C04B0917D04A5
S11315A00196A11DB11D80937A0490937B04A093AE
S11315B07C04B0937D042FBFBF91AF919F918F9115
S11315C03F912F910F900FBE0F901F9018951F926F
S11315D00F920FB60F9211242F933F934F935F9363
S11315E06F937F938F939F93AF93BF93EF93FF93E7
S11315F0409178005091790078948FB7F8949927A6
S11316002091A602322F3695317021708FBF22238C
S113161051F580917A00877F80937A008091340419
S1131620813021F0823009F048C008C0332341F0F2
S1131630509315064093140680E112C0332319F425
S11316400E944C073AC010923404809115098823F3
S1131650A1F510924E035093A3024093A2028EE090
S11316600E94A8022AC08FB7F89499278FBF2FB77A
S1131670F894332780917A00582F5770482F40727E
S1131680987D942B952B8074977B982B90619F77F2
S1131690892F992780937A00887D842B852B8773E3
S11316A08061992780937A00887D842B852B877BA2
S11316B08069992780937A002FBFFF91EF91BF91A2
S11316C0AF919F918F917F916F915F914F913F91D6
S11316D02F910F900FBE0F901F901895E4E0F1E04A
S11316E06927660FF11DE60FF11DC895982F802D0F
S11316F03196C89590250895982F809140028823AB
S113170089F5992379F531E03093400280910D02F7
S11317108093410220913502822F8170809366026A
S1131720809112029091130290934302809342029B
S1131730809136028093440232273170267EE32F53
S1131740FF27EE0FFF1FE25FFD4F80819181909391
S1131750130280931202232B2093350286E10E9408
S1131760A80208958091350280FF02C08B7F01C0DA
S11317708D7F8093350208950F931F93082F162FA2
S1131780809109038130D9F0813038F0823009F436
S11317904AC0833009F00EC159C0002309F43EC188
S11317A01092BC081092BB0810921A061092D50829
S11317B01092400310927F0410927E041FC10023F4
S11317C009F02CC180917E0490917F040E946E0BDD
S11317D090937F0480937E0482E0809309031093A6
S11317E0D508143409F0E6C00BC18695869503C06C
S11317F0809135028695817009F0DCC080913502B4
S1131800992311F0846001C0826080933502809135
S11318103502877E886080933502109236028FEFFE
S113182080930D02FBC0002309F0C4C06093400301
S113183080917E0490917F040E946E0B90937F04AC
S113184080937E0483E080930903E8C080911A06A4
S11318508F3F09F4AFC0002309F447C0823008F475
S1131860A9C0E091BB08EE2309F4D1C04E2F41502A
S1131870E42FFF27E554F74F82819927382F222739
S1131880442311F4E2E002C0E42FE150FF27E554C1
S1131890F74F82819927282B392B80917E049091D0
S11318A07F042817390709F085C080E00E947C0B6B
S11318B03091400380916C0420916D04982F9F5FB8
S11318C0963008F090E0921709F474C0E82FFF27CF
S11318D0E459FB4F32838F5F80936C04863010F0A1
S11318E010926C040E945B0465C0823008F44EC000
S11318F0E091BC08FF27E554F74F8281482F552714
S1131900342F20913502822F869586958695837093
S113191099278130910519F00297F9F40EC0277EBA
S1131920206120933502442311F485E001C080E056
S11319308093360230930D0210C0809136028333B7
S113194060F4E0911202F0911302E80FF11D40835C
S1131950809136028F5F809336028091BC08E82F15
S1131960FF27E554F74F62818F5F8093BC08833073
S113197010F01092BC08772780917E0490917F0428
S11319800E946E0B90937F0480937E048091BB0829
S1131990E82FFF27E554F74F12838F5F8093BB082E
S11319A0833010F01092BB0880911A068F5F8093E9
S11319B01A0634C01092BC081092BB081092090396
S11319C010921A061092D5081092400310927F04C8
S11319D010927E04809145028D7F8093450281E0C0
S11319E00E947C0B80913402882331F084E0809340
S11319F009030E94900612C0002381F081E023CFE6
S1131A0080913502982F917080FDEFCEF1CE8091B8
S1131A10BF089927382F222742E036CF1F910F9114
S1131A2008951F920F920FB60F9211242F933F9394
S1131A304F935F936F937F938F939F93AF93BF93D2
S1131A40EF93FF938091C00087FF42C06091C6006E
S1131A50E0918004F0918104309719F1809121097B
S1131A6090912209E80FF91F60830196909322094F
S1131A7080932109209145093091460982179307E3
S1131A8038F110928104109280048091E305833030
S1131A90F9F08091C1008F778093C1001092E30523
S1131AA017C06E3719F460E081E010C080914502E0
S1131AB06D3721F48260809345020AC081FF05C01E
S1131AC08D7F8093450280E2682780E00E94BC0BF2
S1131AD0FF91EF91BF91AF919F918F917F916F9102
S1131AE05F914F913F912F910F900FBE0F901F90D8
S1131AF01895982F8D57823068F480914502816043
S1131B008093450280E28927809319068DE78093AC
S1131B108D0202C090938D0261E070E08DE892E046
S1131B200E94C0069927089578941F920F920FB6C9
S1131B300F921124FF920F931F932F933F934F9370
S1131B405F936F937F938F939F93AF93BF93CF9341
S1131B50DF93EF93FF9320913D0330913E038091F7
S1131B60C9089091CA082817390780F4E091F8034E
S1131B70F091F903E20FF31F80812F5F3F4F309301
S1131B803E0320933D030E94B406D4C01092F9038F
S1131B901092F80310923F038091C1008F7B8093D1
S1131BA0C1008091450280FF0EC08E7F8093450264
S1131BB08091190680938D0261E070E08DE892E0D7
S1131BC00E94C006B7C080911606843009F494C000
S1131BD0853040F4823021F18330B8F5813009F04A
S1131BE0A4C00DC0863009F495C0863008F48BC0BB
S1131BF0873009F496C0883009F097C099C0809165
S1131C00F4030E94790D182F83E0809316066091E7
S1131C10F40380914309909144090E946E0B10C013
S1131C20809114090E94790D182F83E08093160681
S1131C306091140980914309909144090E946E0BAC
S1131C4090934409809343096EC0FFB6F894E091E1
S1131C500F05FF27EE0FFF1FE550FC4F80810E9408
S1131C60790D082F10910F05C12FDD27FE01EE0F0E
S1131C70FF1FE550FC4F6081809143099091440916
S1131C800E946E0B90934409809343092091F003C2
S1131C902F5F2093F003113039F580913C02E091DD
S1131CA03702F0913802E80FF11DE0818F5F8093D5
S1131CB03C0290913B02981730F482E08093FC033D
S1131CC040E050E002C04E2F5527DE01AA0FBB1F93
S1131CD0FD01E650FC4F8081823031F02F3F21F02E
S1131CE0A550BC4F4C9303C084E080931606102F7C
S1131CF08F2D99278FBF17C0809143090E94790DBA
S1131D00182F85E00BC0809144090E94790D182F8B
S1131D1086E004C00E94F506182F87E0809316061B
S1131D2002C088E003C0112329F089E080931606DD
S1131D300E945B04FF91EF91DF91CF91BF91AF912E
S1131D409F918F917F916F915F914F913F912F91CF
S1131D501F910F91FF900F900FBE0F901F90189539
S1131D601F920F920FB60F9211248F938091C80087
S1131D7087FF02C08091CE008F910F900FBE0F900D
S1131D801F90189578941F920F920FB60F921124FA
S1131D900F900FBE0F901F90189578941F920F927A
S1131DA00FB60F9211240F900FBE0F901F9018952D
S1131DB078941F920F920FB60F9211240F900FBEBA
S1131DC00F901F90189578941F920F920FB60F9250
S1131DD011240F900FBE0F901F90189578941F92A6
S1131DE00F920FB60F9211248F939F9380919400BA
S1131DF0909195009F918F910F900FBE0F901F901F
S1131E00189578941F920F920FB60F9211242F9366
S1131E103F938F939F932FB7F89433278091520366
S1131E2090915303019690935303809352032FBFD1
S1131E309F918F913F912F910F900FBE0F901F9004
S1131E4018951F920F920FB60F9211242F933F9360
S1131E504F935F936F937F938F939F93AF93BF93AE
S1131E60EF93FF938091B0008093B0008091B6000F
S1131E7081FDFCCF8091B30099270196AA27BB2747
S1131E802091690230916A0240916B0250916C0278
S1131E90280F391F4A1F5B1F2093690230936A027F
S1131EA040936B0250936C0278940E942909FF912D
S1131EB0EF91BF91AF919F918F917F916F915F91BE
S1131EC04F913F912F910F900FBE0F901F90189537
S1131ED021E020933A062093EF032091840030916F
S1131EE08500BC01C9010E94160608951F93982F0E
S1131EF01FB7F89480912A02823099F580910702E5
S1131F00891779F58091050220E030E08F3F11F4C4
S1131F1021E030E0232BF1F49FEF909307028F3FF1
S1131F2019F42FEF30E00DC0282F3327F901E255C3
S1131F30FD4F8081809305028F3F11F49093060238
S1131F4090832093AB0281E080932A0280E00E9478
S1131F50A80205C08FEF8093070210922A0221E0A5
S1131F6001C020E0812F99278FBF90E0213009F430
S1131F7091E081E09827892F99271F91089580E0A7
S1131F800E94760F99270895FF920F931F938C0157
S1131F900E94ED08F82E62E0C8010E945403FC017F
S1131FA0208133272F703070C901880F991F820F49
S1131FB0931FF81A8EEFF80E8F2D99271F910F910A
S1131FC0FF9008950F931F93982F1FB7F894809153
S1131FD02B02823099F580910A02891779F5809154
S1131FE0080220E030E08F3F11F421E030E0232BA1
S1131FF0F1F49FEF90930A028F3F19F42FEF30E032
S11320000DC0282F3327F901ED50FC4F80818093B8
S113201008028F3F11F49093090290832093F503F3
S113202081E080932B0289E00E94A80205C08FEF13
S113203080930A0210922B0201E001C000E0812F7C
S113204099278FBF1FB7F89480912B02882311F42E
S11320500E943D05812F99278FBF90E0013009F43C
S113206091E081E09827892F99271F910F91089576
S11320701F93CF93DF9380913002882319F081E07E
S113208090E051C08FB7F894282F3327122F8091F6
S11320903302882369F581E080933302109246036A
S11320A02FBF2FB7F894332780917A0080688093EC
S11320B07A002FBF8FB7F894C82FDD279C2F80910B
S11320C00C02813099F480913302813021F48FE045
S11320D00E94A80209C0823049F48091460380938B
S11320E00C0283E080933302CFBF1BC09FBF19C093
S11320F080E00E940507882319F085E090E007C07E
S11321008091680281608093680280E090E01FBF44
S1132110282F882319F481E080933002822F992795
S113212002C020E0F8CFDF91CF911F9108952FB71F
S1132130F894332780938C022FBF85E00E94A80275
S113214008959C0180915002882319F085E090E065
S11321500895309318062093170681E08093500267
S11321601092330485E00E94A80280E090E0089574
S1132170CF93DF93EC018FE38A87809150038F5FC5
S1132180809350038B838091640290916502892B24
S113219011F025E017C088A599A5892B21F061E0ED
S11321A0CE010E946C03CE010E94A1109927282F12
S11321B0882341F4D0936502C0936402109206030D
S11321C010920503822F9927DF91CF910895FF92F2
S11321D00F931F93CF93DF93F82E8B01EA01422FC5
S11321E02D3118F086E090E08CC0FE01319681819B
S11321F0298150E09927982F88273327822B932B06
S113220087749C7C8154984809F451E0552321F447
S113221081E4898388E88183435F48832FB7F894F6
S1132220332780910202909103022FBF8887892F60
S1132230992789872FB7F8943327809104022FBFF9
S113224099278C831D82CE010E946A03FC01F082CF
S11322500E83812F99278F838FB7F894282F3327E4
S113226080912A02882371F482E080932A021092DA
S113227007022FBFCE010E94B8109927182F882378
S113228099F00FC02FBFD093AD02C093AC028FB7AB
S1132290F894C82FDD272C2F80912A02882399F4E3
S11322A006C080E00E94760F812F99272AC081E022
S11322B080932A021092AB0280E00E94A802CFBF52
S11322C080E090E01EC08091AE028F3F89F4E091DF
S11322D00602EE2369F010C01092050204C0FF2725
S11322E0E255FD4F10821092060280E090E002C099
S11322F085E090E02FBF05C0809105028F3F79F7FC
S1132300EBCFDF91CF911F910F91FF900895EF9242
S1132310FF920F931F93CF93DF93E82E8B01F42E3C
S113232081E08E1518F481E090E03BC0CE2DDD27CE
S1132330CC0FDD1FCA58DB4F88819981892B19F096
S113234085E090E02EC079836883EDE0FE0EFB010A
S1132350F082F3EFFF0E80911402823018F480E0D3
S113236090E01FC0CB010E946A03FC018081F80148
S113237067817727762F662726813327622B732B75
S1132380E09214022F2DA8010E94E7109927282F0C
S1132390882329F082E08093140219821882822F04
S11323A09927DF91CF911F910F91FF90EF9008959E
S11323B0AF92BF92CF92DF92EF92FF920F931F934F
S11323C0CF93DF9380914E02882309F0BEC0E09141
S11323D0F103F091F20310828091C1089091C20838
S11323E0E091F103F091F2038283892F992781838D
S11323F080915B02882329F08091C3089091C408DE
S113240020C08091C1089091C208C091C308D091A6
S1132410C4082FEF8F3F920781F4E091F103F0910C
S1132420F203C4838D2F99278383E091F103F09104
S1132430F2038081806880830CC00E94E6018C0FC7
S11324409D1FE091F103F091F2038483892F992772
S1132450838362E08AE093E00E9454037C0168E095
S11324608AE093E00E946303F5E0CF2ED12CC80EDE
S1132470D91E40E010E0AA24BB2403E080914B0263
S1132480992701968A0D9B1D6AE070E00E94FE2D3B
S11324909C019927880F991FDC0173E0AA0FBB1FC9
S11324A07A95E1F7A81BB90BAD57BB4FED018D81B0
S11324B0992780FF11C081FF0FC08D919C91109FBF
S11324C0F0011124EC0DFD1D8183892F9927808350
S11324D0888582831F5F422FE9E0AE16B10429F09C
S11324E00894A11CB11C173048F240934B02809110
S11324F04A028F5F80934A028150E7018983812FCA
S11325008F7088838FEF80931003809311038AE088
S113251093E00E946A03FC0180E7808383E0189FB4
S1132520C0011124895F482F55276AE073E081E0D8
S11325300E9487119927882321F481E080934E0219
S113254004C0843011F410924C02DF91CF911F919A
S11325500F91FF90EF90DF90CF90BF90AF900895D0
S1132560CF93DF93EC010E94CD08282F809167025E
S11325702817D1F0382F31503093670213C0822FBF
S1132580992743E0880F991F4A95E1F7DC01A1558B
S1132590BD4FFC01E954FD4F88E001900D9281503C
S11325A0E1F72F5F231758F38091C1089091C20877
S11325B08C179D07A1F48FEF9FEF9093C20880932F
S11325C0C1081092C4081092C3081092C508109252
S11325D0C60881E080934F028AE10E94A802DF913D
S11325E0CF9108951F93CF93DF93EC01162F809121
S11325F01502882319F5CE010E94CD08E82F809199
S11326006702E81748F4FF2753E0EE0FFF1F5A95BF
S1132610E1F7E155FD4F17838091C608882311F037
S1132620112349F08091C1089091C2088C179D072D
S113263029F4112319F08AE10E94A802DF91CF91B5
S11326401F9108954F925F926F927F928F929F9203
S1132650AF92BF92CF92DF92EF92FF920F931F93AC
S1132660CF93DF932C0180915102882309F04DC14F
S113267080912009853009F048C10E94BE05882355
S113268009F443C18091C008882309F03EC1E201E6
S1132690E096F20180A982FD02C090E003C0F2013D
S11326A092A99F7080913504981781F09093350416
S11326B0289885EC8EBD0DB407FEFDCF8EB59068CD
S11326C09EBD0DB407FEFDCF8EB5289A4201089435
S11326D0811C911CF4018181F201218140E0992740
S11326E0982F88273327822B932B87749C7C8154C3
S11326F0984809F441E0442301F1289886E88EBD06
S11327000DB407FEFDCF8EB51EBC0DB407FEFDCF84
S11327108EB5289A99278F71907020914F0340911C
S1132720FF02240F312D311D43E0359527954A953D
S1132730E1F7281739070CF4E8C0289882EC8EBD1D
S11327400DB407FEFDCF8EB589E08EBD0DB407FE36
S1132750FDCF8EB5289A0E94EA057B018C01888101
S113276084FD03C0C0E0D0E006C0F2018081855042
S1132770E201C80FD11D289881E88EBD0DB407FE73
S1132780FDCF8EB51EBC0DB407FEFDCF8EB5289AC5
S11327908F71893021F087E080932009B6C08FB70C
S11327A0F89499272F9A20918400309185008FBF47
S11327B02F98289880E68EBDF20190810DB407FE13
S11327C0FDCF8EB59EBD792F7250773010F4672FF0
S11327D001C067E0F401962F41910DB407FEFDCFCF
S11327E08EB54EBD9150C1F76150F401E60FF11D55
S11327F06F5F31962E193F092E553F4F39018824BA
S113280077FC8094982C6E0C7F1C801E911E209760
S113281019F4972F961B1FC088819981AA81BB81C7
S113282086199709A809B9098B83292F3A2F4B2FA9
S113283055272A839D014427552729838B2F9927C0
S1132840AA27BB278883E5CF20810DB407FEFDCFDF
S113285031968EB52EBD9150B8F70DB407FEFDCF5D
S11328608EB5289A289882EC8EBD0DB407FEFDCF54
S11328708EB586E08EBD0DB407FEFDCF8EB5289AC9
S1132880209779F18881E9802A81AB803327442716
S11328905527542F432F322F22279927AA27BB27A6
S11328A0B82FAA2799278827FF24002711278701F3
S11328B0FF24EE248E299F29A02BB12BBB24CC24EA
S11328C0DD248A299B29AC29BD29282B392B4A2BA5
S11328D05B2B260D371D481D591D288339834A83D8
S11328E05B83C2010E940F06C2010E941406FC0110
S11328F0608271828282938286E08093200984E0E0
S11329008093510280E090E002C085E090E0DF9186
S1132910CF911F910F91FF90EF90DF90CF90BF90D8
S1132920AF909F908F907F906F905F904F9008959D
S1132930AF92BF92CF92DF92EF92FF920F931F93C9
S1132940CF93DF938091C008882309F413C10E94B8
S1132950BE05882309F40EC18FB7F8949927C09156
S1132960ED03D091EE038FBF1092C00828988FE832
S11329708EBD0DB407FEFDCF8EB51EBC0DB407FE93
S1132980FDCF8EB5289A982FA82EBB24A0FE0CC08C
S113299080915102833011F0873031F485E08093C7
S11329A0200988E080935102A2FE5FC08091510209
S11329B0863019F41092510203C0882309F055C0DF
S11329C0943009F041C0289886E88EBD0DB407FE06
S11329D0FDCF8EB51EBC0DB407FEFDCF2EB5289AD3
S11329E02F718091FF02982F96959695322F391B5F
S11329F0830F8093FF02E0916002F091610280A94D
S1132A008B7F886080AB22AB0E94EA056B017C015E
S1132A100091600210916102C8010E940F06C80172
S1132A200E941406FC01CC19DD092797CE01AA27C0
S1132A3097FDA095BA2F8C0D9D1DAE1DBF1D8083E3
S1132A409183A283B3830EC0E0916002F09161028E
S1132A5080A9877F80ABE0916002F091610280A938
S1132A608D7F80AB85E080935102A3FE83C080916B
S1132A705102843009F04BC085E080932009109204
S1132A80510280914903833019F41092490372C0B2
S1132A90E0913104F0913204828121819927982FA9
S1132AA088273327822B932B85FF29C087749C7C2E
S1132AB08154984821F5878126819927982F882762
S1132AC03327822B932B8F5F9F4FC9F090E0809127
S1132AD0EF03882309F491E0992389F012E010931D
S1132AE03A0681E08093EF03809184009091850001
S1132AF061EE72E00E941606109349033BC01092E7
S1132B0049031092240980E00E94971033C0853055
S1132B1089F580912009873091F4289882EC8EBD44
S1132B200DB407FEFDCF8EB586E08EBD0DB407FE55
S1132B30FDCF8EB5289A85E08093200917C0209197
S1132B404F03289886E88EBD0DB407FEFDCF8EB5E1
S1132B501EBC0DB407FEFDCF8EB5289A8F71922F3F
S1132B6096959695891B280F20934F0389E08093AF
S1132B70510208C090915102992309F4E2C299309C
S1132B8009F00FC2289880E28EBD0DB407FEFDCF78
S1132B908EB51EBC0DB407FEFDCF8EB5482F55274C
S1132BA0433008F49EC3842F99278A970CF099C365
S1132BB01EBCE0916002F09161024083542F525098
S1132BC0573010F4452F01C047E09F012F5F3F4F5E
S1132BD0942FF90160E070E00DB407FEFDCF8EB5CF
S1132BE01EBC808381916827062E6295607F6025D4
S1132BF0072E762F62956F700626669576276727CF
S1132C00660F660F660F6025915031F74150D90168
S1132C10A40FB11D4F5F1196E0916002F091610223
S1132C208181282F3327277030702230310509F431
S1132C3091E09923B9F080914903823081F4838132
S1132C40E0913104F09132049381891741F490E0CA
S1132C502230310509F091E081E098270EC080E030
S1132C6090E00DC08FB7F894282F332790E080911F
S1132C708204833008F491E02FBF892F9927892B90
S1132C8009F42FC3952F941B18C00DB407FEFDCF74
S1132C908EB51EBC8C938D916827062E6295607F3D
S1132CA06025072E762F62956F7006266695762727
S1132CB06727660F660F660F6025915030F70DB4D5
S1132CC007FEFDCF8EB51EBC9B012827022E229540
S1132CD0207F2025032E322F22952F700226269541
S1132CE032272327220F220F220F20250DB407FE9F
S1132CF0FDCF8EB51EBC2827022E2295207F2025CD
S1132D00032E322F22952F70022626953227232751
S1132D10220F220F220F20250DB407FEFDCF8EB502
S1132D20E0916002F091610281AB289A85E0809382
S1132D30200910925102232B09F0FFC1E090600298
S1132D40F090610257010894A11CB11CF701818124
S1132D5090E08770823009F491E0292F3327122FF5
S1132D60809149038230C9F480916F008D7F8093F4
S1132D706F001092EF03E0913104F091320480A9C6
S1132D80222311F0816001C08E7F80AB1092490331
S1132D901092240980E00E949710112309F0FCC0CE
S1132DA0C7010E9440068823A9F085E08093370478
S1132DB082E08093380410923904F5018281809373
S1132DC03A0487E394E00E942213882319F483E0F1
S1132DD0809349030091840010918500C7010E94EB
S1132DE04006882311F0045E1C4F109308030093DF
S1132DF007038091840090918500081B190BC8017A
S1132E00101611066CF420912409222331F40E9437
S1132E10680F80E88093240903C020682093240964
S1132E20F501808527819927582F44273327422B82
S1132E30532B80916D02282F3327F901EE0FFF1FCA
S1132E40E553F74F808191817091E20584179507CE
S1132E5069F4F901EB5DF64F8081871709F467C0C7
S1132E60872F8F5F8093E20580831DC000E010E010
S1132E7080E090E0CBECD8E0E5E2F9E0DF01682FF8
S1132E809C01888199818417950779F420936D02B8
S1132E909091E2058C91891709F449C0892F8F5FBD
S1132EA08093E2058C9300E829C08081972F981BBA
S1132EB0091710F4092F122F6F5FC901019611969B
S1132EC02296319685309105D1F66530B9F4109388
S1132ED06D02A12FBB27FD01EE0FFF1FE553F74F36
S1132EE0518340838091E2058F5F8093E205FD0169
S1132EF0EB5DF64F8083A95BB64F1C929091E2057F
S1132F00892F8F778F3779F40F3768F0E5E2F9E08E
S1132F10292F207880818F6789132083319639E0A7
S1132F20EA32F307B9F780916D02282F3327F501B0
S1132F309281A22FBB27FD01E95BF64F808180FFC0
S1132F4007C0FD01EB5CF94F8081981729F102C09D
S1132F5081608083AB5CB94F9C93CFB6F894809129
S1132F6082048330B0F4E0916302E80FE33008F0A8
S1132F70E350FF27EE0FFF1FEC5AFD4F0081118134
S1132F80F182E0828F5F8093820486E00E94A8022F
S1132F9078018C2D99278FBFF0926102E092600234
S1132FA0C3C0892F8150833008F09CC08150823087
S1132FB0E0F4309120093130C1F420E08091EF0336
S1132FC0882309F421E0222381F02F9883E0809361
S1132FD03A063093EF0380918400909185006BE270
S1132FE073E00E94160682E068C0933009F042C084
S1132FF080912009833009F097C00E94BE05882380
S1133000C9F128988FE88EBD0DB407FEFDCF8EB5AB
S11330101EBC0DB407FEFDCF8EB5289A80918100A9
S113302080648093810080E286BB80916F0080621F
S113303080936F009091AA02289888EC8EBD0DB4FD
S113304007FEFDCF8EB590669EBD0DB407FEFDCF85
S11330508EB5289A289882EC8EBD0DB407FEFDCF5C
S11330608EB586E08EBD0DB407FEFDCF8EB5289AD1
S113307084E023C0809151028150823000F5809118
S113308020098530E1F40E94BE058823C1F0289808
S113309082EC8EBD0DB407FEFDCF8EB583E08EBDF0
S11330A00DB407FEFDCF8EB5289A80916F008F7DF9
S11330B080936F001092C00883E080932009909160
S11330C05102913041F4809120098330B1F52F9A57
S11330D09093200925C0923039F5809120098330DE
S11330E061F51EC0973001F50E94BE058823E1F00A
S11330F09091AA02289888EC8EBD0DB407FEFDCFEE
S11331008EB590669EBD0DB407FEFDCF8EB5289A90
S113311080912009853021F484E08093200904C043
S113312088E08093510204C080915102883029F4D0
S11331301092510284E00E94A802809151028823D7
S113314031F5809120098530F9F48091C0088823F5
S1133150D9F4809149038823B9F480912409882300
S113316099F490E08091EF03882309F491E0992386
S113317059F080915002813039F485E00E94A80210
S113318080915102882319F480E00E94E20F80911B
S1133190EF03823009F098C01092EF03C0903A0612
S11331A0F2E0CF1609F46CC023E0C21609F470C033
S11331B031E0C31609F088C0209107033091080359
S11331C0809184009091850040912409403859F4FD
S11331D01092240980915002813009F075C085E075
S11331E00E94A80271C08901081B190B47FF03C084
S11331F010161106ECF0C0914703D091480380915A
S113320049038823A9F4CE010E9422139927882315
S113321051F488A98E7F88ABC0924903D0933204BD
S1133220C093310429C09927F82E882329F102C0BC
S113323065E0F62E20912409822F99278F77019734
S113324059F4207822602093240980E198E00E94B8
S11332506D060E94680F38C027FF0AC010161106B9
S11332603CF480E880932409C8010E94680F02C0DE
S1133270109224098F2D09C083E08093240924C06F
S1133280109249031092240980E00E9497101CC0F8
S113329080912009823019F4C092200913C08091D2
S11332A05102863079F410925102289881E88EBD3B
S11332B00DB407FEFDCF8EB51EBC0DB407FEFDCFC9
S11332C08EB5289A0E949A198FB7F894282F33271D
S11332D08091A702813061F081E08093A7022FBF23
S11332E031CB289A85E0809320091092510225CF92
S11332F01092A7022FBFDF91CF911F910F91FF90E2
S1133300EF90DF90CF90BF90AF9008958FB7F8946F
S1133310282F33278091A70281508093A7028038F9
S113332011F02FBF089581E08093A7022FBF0E9460
S1133330981408958FB7F894282F33278091A70203
S1133340882329F080688093A7022FBF089581E025
S11333508093A7022FBF0E949814089578941F9217
S11333600F920FB60F9211242F933F934F935F93B5
S11333706F937F938F939F93AF93BF93EF93FF9339
S1133380809184009091850020918600309187007F
S11333908FB7F89499273093EE032093ED0321E03F
S11333A02093C0088FBF0E949A19FF91EF91BF919B
S11333B0AF919F918F917F916F915F914F913F91C9
S11333C02F910F900FBE0F901F90189578941F9215
S11333D00F920FB60F9211242F933F934F935F9345
S11333E06F937F938F939F93AF93BF93EF93FF93C9
S11333F080916F008D7F80936F0078949FB7F894CD
S11334008091EF03813019F482E08093EF03892FD8
S113341099278FBF0E949A19FF91EF91BF91AF91A5
S11334209F918F917F916F915F914F913F912F91D8
S11334300F900FBE0F901F9018952FB7F894332755
S11334408091F50380930A0282E080932B022FBFC0
S113345080910A02882309F07EC0209A289A8091DC
S11334602009882309F075C08EEF91E00197019639
S11334700197E1F716982F9886E090E0019701965E
S11334800197E1F7169A289883EC8EBD0DB407FED8
S1133490FDCF8EB51EBC0DB407FEFDCF8EB5289AA8
S11334A0289882EC8EBD0DB407FEFDCF8EB588E062
S11334B08EBD0DB407FEFDCF8EB5289A8EEF91E038
S11334C0019701960197E1F728988EEC8EBD0DB413
S11334D007FEFDCF8EB58DE48EBD0DB407FEFDCF86
S11334E08EB5289A289889EC8EBD0DB407FEFDCFC1
S11334F08EB587EC8EBD0DB407FEFDCF8EB5289A30
S1133500289885EC8EBD0DB407FEFDCF8EB580E8FE
S11335108EBD0DB407FEFDCF8EB5289A10923504EA
S11335208BE08093AA02289888EC8EBD0DB407FE28
S1133530FDCF8EB58BE68EBD0DB407FEFDCF8EB5E7
S1133540289A2F9A81E08093200980E00E94E20F5C
S113355008950E949A1908951F938FB7F894992794
S11335602091A7022F5F2093A7028FBF8091500262
S1133570882311F015E023C0809151028823E1F4DF
S113358080912009813049F490E08091EF038823F1
S113359009F491E0992381F005C0853019F489E09C
S11335A090E00CC083E0809351020E949A1984E059
S11335B08093500210E003C085E090E0182F0E9431
S11335C08619812F99271F9108951F93CF93DF9315
S11335D0162FC0E0D0E068E00E945403FC01808113
S11335E08123811711F4C1E0D0E0CE01DF91CF91A6
S11335F01F91089568E00E945403FC018781992774
S1133600089568E00E945403FC018181992708957C
S113361068E00E945403FC0186819927089568E0BC
S11336200E945403FC0184819927982F88272581BF
S11336303327822B932B0895BF92CF92DF92EF9280
S1133640FF920F931F93CF93DF937C01B0905A02A4
S1133650D0906B04CC2428C00D2D03701127C70112
S11336600E940F1BE801CC0FDD1FCC0FDD1FC00F24
S1133670D11FC257DD4F288139818217930791F4F6
S1133680C7010E94081B9A81981761F4C7010E9420
S1133690011B9C81981731F4C7010E94FA1A9B817F
S11336A0981721F0C394D394CB14B1F68C2D992799
S11336B0DF91CF911F910F91FF90EF90DF90CF900A
S11336C0BF9008950E941C1B20E030E090915A02A4
S11336D0891710F421E030E0C901089568E00E94E0
S11336E05403FC0184819927982F88272581332747
S11336F0822B932B0895AF92BF92CF92DF92EF92D9
S1133700FF921F93CF93DF935C01FC018281882396
S113371029F4B0921D09A0921C0985C0442309F420
S11337207AC0F501C080D18080915A02843009F0BA
S113373046C0C6010E941C1B20915A02622F0E949F
S1133740DE2D492F9217D8F5992359F480916B04F3
S11337509927019664E070E00E94FE2D80936B042B
S113376029C080916B04840F912D911D9C012370BD
S11337703070E901CC0FDD1FCC0FDD1FC20FD31F4A
S1133780019664E070E00E94FE2DFC01EE0FFF1F25
S1133790EE0FFF1FE80FF91FC257DD4FE257FD4F31
S11337A085E0019009928150E1F74F5F80915A02C0
S11337B04817B8F280915A02815080935A021091AE
S11337C05A0280916B04810F912D911D837090702A
S11337D07C01EE0CFF1CEE0CFF1CE80EF91E8EE8BB
S11337E092E0E80EF91EC6010E940F1BF7019183B7
S11337F08083C6010E94081BF7018283C6010E94D0
S1133800011BF7018483C6010E94FA1AF70183831E
S11338101F5F10935A02F501808191810E94E10398
S1133820C5010E940004DF91CF911F91FF90EF909A
S1133830DF90CF90BF90AF900895AF92BF92CF9298
S1133840DF92EF920F931F935B016C010E940C03B4
S1133850AB01BC01E1E0EE2E9601850184E00E94FB
S1133860E8021F910F91EF90DF90CF90BF90AF903F
S11338700895CF92DF92EF92FF920F931F936C0102
S11338807B010E941A02DC01CB01B6010E94EA2DE1
S1133890E80EF91E00271127C801B7010E941D1C5C
S11338A01F910F91FF90EF90DF90CF9008950F93A9
S11338B01F93CF93DF93EC01E0914702FF27EE0FB4
S11338C0FF1FE056F74F00811181662329F06CE158
S11338D070E08CE190E02FC08091460283FF3DC0F0
S11338E088A980FD3AC08F819927982F88272E8137
S11338F03327822B932B0E94CE01982F8F3F71F098
S11339008EE0989FF0011124ED57FB4F85858F5F62
S11339108587853018F0CF010E94AB038AE10E94AD
S1133920A802F801838181508383882339F067E0FA
S113393070E087E090E00E94391C3FC00E94C603FB
S1133940809146028F7E8093460267E070E087E0B4
S113395090E00E94391C40E02CC00E94C603809174
S113396046028F7E8093460267E070E087E090E035
S11339700E94391C8F819927982F88272E813327FD
S1133980822B932B0E94CE01982F8F3F89F08EE0DB
S1133990989FF0011124ED57FB4F84858F5F848736
S11339A085858F5F8587853018F0CF010E94AB0332
S11339B041E0BE01C8010E947B1BDF91CF911F91A2
S11339C00F9108950F931F9380911609882391F105
S11339D010E001E020911609822F802319F1E12FD4
S11339E0FF27EE0FFF1FEA58FB4F408151811182E0
S11339F01082802F8095282320931609112319F013
S1133A00113081F405C063E0CA010E94571C0FC045
S1133A104A50534061F480914E02882341F0109241
S1133A204E0205C01F5F183028F4000FD3CF000FDB
S1133A301F5FD0CF1F910F910895AF92BF92CF9285
S1133A40DF92EF92FF920F931F93CF93DF93D82EC1
S1133A505B01C42EE82FFF27EE0FFF1FEA58FB4F30
S1133A6011821082809114029927019662E070E01D
S1133A700E94FE2D682F8093140200E0462F5527E4
S1133A80FA01EE0FFF1FEA58FB4FC081D181209746
S1133A9099F0E62FE695E695E695FF27EA5EF64F60
S1133AA0808199279A012770307002C09595879577
S1133AB02A95E2F780FF0DC0CA01019662E070E02A
S1133AC00E94FE2D682F0F5F0230C1F6009314028E
S1133AD01FC0609314026230D8F4E88083EFE80ECC
S1133AE0FF240F811127102F00278E819927082B7F
S1133AF0192BCE010E946A03FC012E2DAE01B801E0
S1133B0080810E94E710882319F089E10E94A802AD
S1133B10DD2021F081E0D81689F405C06C2DC501A3
S1133B200E94571C0BC08AE0A81683E0B80631F443
S1133B3080914E02882311F010924E02DF91CF91B2
S1133B401F910F91FF90EF90DF90CF90BF90AF90B7
S1133B500895462F20911402223070F4E22FFF279B
S1133B60EE0FFF1FEA58FB4F6081718168177907D8
S1133B7019F4822F0E941D1D08951F93CF93DF9384
S1133B80182FC0916402D0916502109265021092C0
S1133B906402809119058D7F809319058091050336
S1133BA09091060399A788A78A858F33A9F480E0AA
S1133BB00E94760F80911402823070F4E82FFF2760
S1133BC0EE0FFF1FEA58FB4F608171816C177D0770
S1133BD019F4412F0E941D1DDF91CF911F9108956B
S1133BE09F92AF92BF92CF92DF92EF92FF920F9388
S1133BF01F93CF93DF93CDB7DEB722970FB6F89418
S1133C00DEBF0FBECDBF8091460284FDDFC090E0D1
S1133C1080914902882309F491E0992309F0D6C0E0
S1133C2080915B02882359F420E08091C10890912F
S1133C30C2088F5F9F4F09F021E0222331F0CE01AB
S1133C4001960E941F04882339F060E177E280E046
S1133C5090E00E941D1CBAC0E0914702FF27EE0FBE
S1133C60FF1FE056F74FC080D180F601008111811B
S1133C70C8010E944A04982EA090C108B090C208BE
S1133C80C8010E941C1B20E090915A02891708F475
S1133C9021E0222359F00E94C603F601808191811C
S1133CA00E94E103C6010E9400048DC080915B0262
S1133CB0F601E080F180882389F168E0C7010E9461
S1133CC05403FC010781A091F603B091F703F701B7
S1133CD083E301900D928150E1F7E090F603F090B8
S1133CE0F703C7010E944A040E3E69F48850082F66
S1133CF01127602FC7010E945404402FBC01C70143
S1133D000E946F047C01F092F703E092F60360E0F6
S1133D10F601808191810E94571C58C009811A8143
S1133D2068E0C7010E945403FC010383012F11279B
S1133D30028368E0F601808191810E945403FC01B2
S1133D4080818F73808361E0F601808191810E947C
S1133D506C038091460288608093460280FF0FC006
S1133D6068E0F601808191810E945403FC01808106
S1133D7080648083809146028E7F80934602F601A0
S1133D8000811181F801A6828B2D99278783C801B0
S1133D900E946A03FC0181E78083492DB80180E019
S1133DA00E9487119927882331F48091460280610B
S1133DB0809346020BC0823049F46CE1F6018081A5
S1133DC091810E94390587E10E94A80222960FB6CC
S1133DD0F894DEBF0FBECDBFDF91CF911F910F913D
S1133DE0FF90EF90DF90CF90BF90AF909F90089599
S1133DF0AF92BF92CF92DF92EF920F931F935B012A
S1133E006C010E940C03AB01BC0111E0E12E960190
S1133E10850182E00E94E8021F910F91EF90DF90EC
S1133E20CF90BF90AF900895EF920F931F938FB7E9
S1133E30F894992710918C028FBF809150028230A0
S1133E4011F4112339F0809133048F5F809333048C
S1133E50863020F083E0809350023BC08FB7F89403
S1133E6099272091A7022F5F2093A7028FBF20914B
S1133E70170630911806809124098823D1F490E024
S1133E808091EF03882309F491E0992391F0309312
S1133E9048032093470381E08093240986EB93E24F
S1133EA00E946D060E94680F82E08093500210E029
S1133EB00AC080913304853011F483E001C081E0AD
S1133EC08093500215E00E9486198091500283303D
S1133ED0B9F510925002E0911706F091180620915E
S1133EE00503309106032F5F3F4F30930603209361
S1133EF0050380A980FF02C080E020C0E091640235
S1133F00F091650280A591A528173907B0F4CF0177
S1133F100E9407098C01892B61F00E940C03AB01FC
S1133F20BC012227332781E0E82E80E00E94E802CA
S1133F3007C081E00E94A80203C0812F0E94BD1D1A
S1133F401F910F91EF900895AF92BF92CF92DF929D
S1133F50EF92FF920F931F93809116029091170294
S1133F60A0911802B0911902B695A79597958795D7
S1133F708093000390930103A0930203B09303037F
S1133F800E941A02E0900003F090010300910203E2
S1133F9010910303A80197010E94112E5B016C018B
S1133FA0AE0CBF1CC01ED11EA0920003B092010330
S1133FB0C0920203D09203031092BA0880912B0599
S1133FC08D7F80932B050E940C03AB01BC0191E013
S1133FD0E92E9601850182E00E94E8021F910F916B
S1133FE0FF90EF90DF90CF90BF90AF90089580E85E
S1133FF090E0A0E0B0E08093160290931702A093A3
S11340001802B09319020E94A41F0895AF92BF92A0
S1134010CF92DF92EF92FF920F931F93CF93DF9390
S113402080915B02882309F0E8C0CC24DD240FEFE3
S11340301FEF6FEFA62EB62EEE24FF2445C0C22F2D
S1134040DD2753E0CC0FDD1F5A95E1F7C155DD4F55
S11340502A813B818FEF2F3F380799F180913306F6
S1134060909134062817390761F1888199810E945B
S1134070E601BC014C815D81480F591F28813981BB
S11340808091C1089091C2082817390779F48FB735
S1134090F89499272C813D813093C4082093C30858
S11340A02F812093C6088FBF5A010BC08F818823AC
S11340B041F46233710528F44017510710F46E017E
S11340C08A010894E11CF11C2E2D80916702E816E8
S11340D008F4B5CFEFEF0F3F1E0709F47DC0FFEFE3
S11340E0AF16FFEFBF0691F08091C608882341F018
S11340F08091C3089091C4080A960817190730F0F4
S1134100C8010F968A159B0508F066C080911009B6
S113411090911109A0911209B09113090196A11D62
S1134120B11D8093100990931109A0931209B093C3
S113413013098091C1089091C2080E94CE018F3F5B
S113414081F09927880F991FFC0133E0EE0FFF1FC0
S11341503A95E1F7E81BF90BED57FB4F8581877F13
S11341608583F601808191810E940002F60180819D
S113417091810E94CE018F3F41F0EEE08E9FF001CD
S11341801124ED57FB4F158614862FB7F894332767
S1134190F601808191819093C2088093C108848143
S11341A095819093C4088093C30887818093C6083F
S11341B02FBFC501801B910B459770F080E890E0FC
S11341C0A0E0B0E08093160290931702A093180227
S11341D0B09319020E94A41F80914F02882359F4BE
S11341E0FFEFAF16FFEFBF0631F40F5F1F4F19F05B
S11341F087E10E94A80210924F02DF91CF911F9194
S11342000F91FF90EF90DF90CF90BF90AF90089503
S11342108091460282608093460280914D028823F9
S1134220C1F481E080934D0280E890E0A0E0B0E02A
S11342308093160290931702A0931802B093190268
S11342400E94A41F40E050E260E070E083E00E941E
S11342500B0980E090E00895AF92BF92CF92DF9275
S1134260EF92FF920F931F93CF93DF935B016C0147
S1134270C0E0D0E0E1E1F5E07C2F608561FF11C191
S11342802081318142815381E480F5800681178148
S1134290D601C501821B930BA40BB50B8E159F058C
S11342A0A007B10708F4FDC060FF03C06D7F6087FD
S11342B008C02E0D3F1D401F511F208331834283B0
S11342C05383723009F457C0733030F4772371F09C
S11342D0713009F0ECC013C0743009F4B8C0743004
S11342E008F4A8C0753009F0E2C0B8C08091640237
S11342F090916502892B09F4DAC081E0A5C09FB7CB
S1134300F89420912D02222319F421E030E00FC00B
S113431080910B02813019F020E030E008C040E0C9
S113432050E02150223010F441E050E09A01892FEE
S113433099278FBF222309F4BAC08FB7F894082FA6
S11343401127902F80910B02813099F480912D02D6
S1134350813021F48AE00E94A80209C0823049F425
S113436080913B0680930B0283E080932D020FBF64
S11343709EC09FBF9CC080914C02882309F497C0C3
S113438080914D02882309F492C08091BA08882351
S113439049F58AE10E94A8028BE10E94A802A0903C
S11343A01602B0901702C0901802D09019028091A2
S11343B0000390910103A0910203B0910303A81A92
S11343C0B90ACA0ADB0A81E08093BA080E940C0386
S11343D0AB01BC01E1E0EE2E9601850182E00E9472
S11343E0E80265C08091160290911702A09118020C
S11343F0B0911902880F991FAA1FBB1F8093160240
S113440090931702A0931802B09319028150904D13
S1134410A740B04060F080E090EDA7E0B0E080936A
S1134420160290931702A0931802B09319020E94E7
S1134430A41F3DC080914C02882309F438C08091A8
S11344404D028823A1F18AE10E94A80230C0809124
S113445046028F7E8093460287E1F6CF8FB7F894A9
S1134460C82FDD2780912D02882379F491E0909361
S11344702D0210923B06CFBF80912E02882311F4A7
S11344808BE0E2CF90932F0212C080E00E941907C4
S1134490882329F480911005816080931005CFBF93
S11344A006C021963996C630D10509F0E5CE83E0E1
S11344B00E94A802DF91CF911F910F91FF90EF907E
S11344C0DF90CF90BF90AF900895AF92BF92CF92FC
S11344D0DF92EF92FF920F931F930E940C035B01F4
S11344E06C018FB7F8949927109241038FBFFFEFA7
S11344F0EF2EFFEFFF2EFFEF0F2FFFE71F2F60E0E0
S1134500E1E1F5E0808581FF1CC080819181A28179
S1134510B381A6019501281B390B4A0B5B0BDA0109
S1134520C9012481358146815781281B390B4A0BE7
S11345305B0B2E153F05400751071CF479018A01D6
S113454061E0399635E0E734F307E1F66623D9F004
S11345501E141F04100611062CF0C601B5010E949A
S11345602C2111C0E092D608F092D7080093D80805
S11345701093D90881E08093A402A8019701C60191
S1134580B5010E94B3091F910F91FF90EF90DF9046
S1134590CF90BF90AF9008952F923F924F925F9229
S11345A06F927F928F929F92AF92BF92CF92DF923F
S11345B0EF92FF920F931F93CF93DF93CDB7DEB7A4
S11345C022970FB6F894DEBF0FBECDBFE82FFF27AA
S11345D0EC31F10508F0CAC6EA59FF4FEE0FFF1F90
S11345E00590F491E02D09942FB7F8943327809126
S11345F0AB028093070282E080932A022FBF80914E
S11346000702882309F0B2C68091AC029091AD02F2
S11346100E94B810082F1127002309F4A7C60E948E
S1134620BF0F602F8091AC029091AD020E94A91D32
S11346309DC6E0916402F091650280A591A5892B45
S113464019F0CF010E948E0380916402909165025B
S11346500E94A110882309F489C60E94CF0286C64D
S11346608091A402882361F52091D6083091D7085F
S11346704091D8085091D908EFB7F894FF2760917A
S11346805C0270915D0280915E0290915F02E09005
S11346901809F090190900911A0910911B096E0D5F
S11346A07F1D801F911FEFBF2093D6083093D7083A
S11346B04093D8085093D9081092A4020E94B309D9
S11346C00E940C030E942C2151C60E9465224EC6F2
S11346D08091500210925002843009F04EC011E0D3
S11346E010934C0280914D02882359F00E94A3023A
S11346F09F718050904FAA27BB27BC01CD010E9417
S1134700F81E8091460284608093460290E0809176
S11347104902882309F491E0992311F40E940703C4
S11347200E94082180910002909101020197E9F40E
S11347304091C1085091C2082FB7F89433271093C1
S11347405B0280913306909134069093C208809363
S1134750C1081092C4081092C3082FBF4F5F5F4F67
S113476009F004C60E94070301C644EF51E060E06B
S113477070E085E00E940B09F9C5853041F4109280
S11347804C02809146028B7F80934602EFC58630AF
S113479009F4ECC580935002E9C50E94141FE6C5D4
S11347A08FB7F894282F332780918204882309F443
S11347B0DCC5E0916302FF27EE0FFF1FEC5AFD4FAB
S11347C0E080F1802FBFF70182858F3309F0C0C2EA
S11347D0C7010E946A03FC017081D7016D913D01FC
S11347E0F701878126819927582F44273327422BA5
S11347F0532B8FB7F894992720910202309103022A
S11348008FBF4217530721F04F5F5F4F09F084C5F4
S1134810062F0D50703721F0713709F09DC273C116
S1134820F701878126819927982F88273327822BA0
S1134830932B8F5F9F4F09F090C0C7010E945F03C5
S11348406C01F701818520859927B82EAA24332786
S1134850A22AB32AD6010C910E94C507C5010E9461
S1134860CE018F3F21F0F601618177270CC00E94B1
S11348707D08182F8F3F51F0B5010E948F08F60173
S113488061817727812F0E94C6071CC087E30E949D
S1134890A408182F8F3F09F45EC09927880F991F29
S11348A0FC0153E0EE0FFF1F5A95E1F7E81BF90BEB
S11348B0ED57FB4F808191810E94B012B501812F89
S11348C00E948F084FE0942E902209F444C0C7013F
S11348D00E94ED08182F682FC7010E945403810F0E
S11348E0911D8C0183E0989EC0011124081B190BB3
S11348F08FB7F894992740900202509003028FBF1B
S1134900DD2483E0D89EF0011124E00FF11F8081A3
S113491021819927982F88273327822B932B84155D
S11349209505B1F4C280C5010E94CE018F3F81F08C
S11349309927880F991FFC01B3E0EE0FFF1FBA956A
S1134940E1F7E81BF90BED57FB4FC18686E087833F
S1134950D394D914B1F60E94C507C7010E94C40FAD
S1134960853009F0F9C1F301D084978065E0C7016F
S11349700E9463038C0160E4C7010E94F208882E40
S113498058010894A11CB11CF801818115010894F7
S1134990211C311CF50121819927982F8827332761
S11349A0822B932B8F5F9F4F09F4A3C08D2D9927E2
S11349B0D82ECC24892D9927C82AD92AE3E04E2E53
S11349C0512C400E511EF801838174E0672E712C26
S11349D0600E711E24819927982F88273327822BF4
S11349E0932B892B49F5C6010E94CE018F3F09F50F
S11349F00E947D088F3F11F0B60119C080E00E942B
S1134A00A408182F8F3FA9F09927880F991FFC013C
S1134A1043E0EE0FFF1F4A95E1F7E81BF90BED5752
S1134A20FB4F808191810E94B012B601812F0E94B8
S1134A308F08C6010E940002D2019C90F30170808D
S1134A40D501BC90F101A080C6010E94E6018C0151
S1134A50C6010E94CD08E82F8A3009F446C0892D8A
S1134A609927782F6627872D9927682B792B8B2DEB
S1134A709927582F44278A2D9927482B592B809101
S1134A806702E817F1F40233110578F52FB7F894AB
S1134A903327FF2783E0EE0FFF1F8A95E1F7E155E7
S1134AA0FD4FD182C082538342837583648381E046
S1134AB086831782809167028F5F809367022FBF7E
S1134AC014C08FB7F8949927FF2703E0EE0FFF1F58
S1134AD00A95E1F7E155FD4FD182C08253834283A9
S1134AE07583648321E026838FBF682DC6010E94ED
S1134AF0F21260E8C7010E94F208882309F42CC16D
S1134B000E94F71F29C1C7010E94FA1A982EC701F3
S1134B100E94011B182F1F5FC7010E945B033C0109
S1134B20FC0111830D3108F017C1C7010E94621BFB
S1134B30882309F011C120914902822F9927A82EB8
S1134B40882309F43EC0B0904702B20E37C0FCE09F
S1134B50FB1510F0EB2D02C0EB2DED50FF27EE0FEF
S1134B60FF1FE056F74F0190F081E02DC080D18007
S1134B70C6010E940F1B8C01C7010E940F1B08175E
S1134B801907E1F4C6010E94081B182FC7010E94EF
S1134B90081B181799F4C6010E94011B182FC7019E
S1134BA00E94011B181751F4C6010E94FA1A182F0B
S1134BB0C7010E94FA1A181709F4CEC0BA94AA942D
S1134BC031F680915B02882399F0C7010E944F045B
S1134BD0182F2EEE921609F0BFC0682FC7010E944D
S1134BE05404412FBC01C7010E946F047C01B4C06E
S1134BF080E020916A04222309F481E0882309F0EB
S1134C00ABC090913604992309F481E0882309F01C
S1134C10A3C0992309F4A0C080911709E82FFF27A6
S1134C20EE0FFF1FE55DF64F0081118111821082A6
S1134C309150909336048F5F809317098C3011F450
S1134C40109217090115110509F486C0222309F4ED
S1134C5083C080915103E82FFF27EE0FFF1FE55E0D
S1134C60F94FC080D18011821082215020936A04B0
S1134C708F5F809351038C3011F410925103C1144F
S1134C80D10409F469C083E3D6011D928A95E9F73A
S1134C90E8E2F0E0EE0EFF1E8BE0D7011D928A954C
S1134CA0E9F7E8EDFFEFEE0EFF1ED801ED92FC925E
S1134CB08FEFF80182838EE18383C8010E942D0760
S1134CC0882321F5CE0101960E941F048823B1F4A4
S1134CD0F301828123819927982F88273327822BF8
S1134CE0932B29813A812817390740F00E94F71F36
S1134CF06CE170E08CE190E00E94391C80913D05EC
S1134D0081FD02C00E940703760126C0C6010E94ED
S1134D10E103C8010E9400041FC0F701118500854A
S1134D2060E8C7010E94E51A882311F00E94F71F6A
S1134D3060E4C7010E94E51A682F812F9927982FF4
S1134D408827202F3327822B932B0E94F21204C032
S1134D508FB7F89499278FBF9FB7F8948091630217
S1134D60E82FFF27EE0FFF1FEC5AFD4FF182E08280
S1134D708F5F80936302833010F0109263028091FE
S1134D808204815080938204892F99278FBF08CD94
S1134D900E94A3022FB7F89433279093A90280931B
S1134DA0A802E3C28FB7F89499271092AE05109227
S1134DB0AD0510921F0910921E0910925302109211
S1134DC05202109275041092740499C00E941D1A24
S1134DD0CDC22FB7F894332780913B0680930B0202
S1134DE083E080932D022FBF10910B028FB7F894AC
S1134DF0282F3327922F80910C02882359F4809115
S1134E003302833039F42FBF80913102882309F0B3
S1134E10ADC202C09FBFAAC282E080933404109244
S1134E2015090E944C0781E0809331021093A5027A
S1134E309DC20E9438109AC280913002813009F0DC
S1134E4095C275986D988DE00E94A8028FC28FB7A5
S1134E50F894C82E80913302833009F040C08091C9
S1134E600C028823E1F580916802882309F063C26B
S1134E7057C2ED2DE695E695E695FF274D2D55276E
S1134E80E859FD4F9A012770307081E090E002C02C
S1134E90880F991F2A95E2F7809520812823208383
S1134EA00093320212C00F5F1F4F0130110511F43D
S1134EB000E010E0D02E802F0E9405078823C9F659
S1134EC00E151F0581F74FEF50E0409346038FEF17
S1134ED080930C0281E0809333020E94D902CFBEFA
S1134EE01092300280912F02813011F40E94381008
S1134EF08FB7F894992710922F0210922E028FBF29
S1134F0035C210923102A090A202B090A302709018
S1134F104E039090A5028FB7F894C82E80912D026D
S1134F20833009F040C080910B028915E1F580912E
S1134F301005882309F010C204C2ED2DE695E6950C
S1134F40E695FF274D2D5527E05FFA4F9A0127700C
S1134F50307081E090E002C0880F991F2A95E2F733
S1134F60809520812823208300932C0212C00F5F98
S1134F701F4F0130110511F400E010E0D02E802FF6
S1134F800E9419078823C9F60E151F0581F74FEFF4
S1134F9050E040933B068FEF80930B0281E08093B7
S1134FA02D020E94D402CFBE992009F0DFC17720E0
S1134FB009F0DCC180911A02882309F0D7C10AEDF7
S1134FC018E064E0C8010E945404FC0180910002CE
S1134FD0909101028383892F99278283A1828B2D4B
S1134FE0992780838091460281FFC0C16CE0C8018B
S1134FF00E943905C8010E945B03FC0180910002F4
S1135000909101028583892F99278483809162027C
S11350108F5F80936202815086838EEE8783118234
S1135020E0911C09F0911D09309709F49FC1118387
S1135030008312828EE18383CF010E942D0788238F
S113504009F094C18091460282FF04C084FD02C02D
S11350500E94070310921D0910921C0981E080939D
S11350601A0284C12FB7F8943327809146038093A2
S11350700C0283E0809333022FBF80910C028823BB
S113508009F074C16D9A759A4AE050E060E070E0EE
S113509081E00E9435036AC11092340467C18FB75E
S11350A0F894109223092091160640E0283009F460
S11350B041E030E0293009F431E0442311F4332392
S11350C051F010921606E0910F05FF27EE0FFF1F17
S11350D0E650FC4F108299278FBF442311F43323E9
S11350E019F1809114098F5F809314098091F4035E
S11350F08334A1F49FB7F89420916D0480916C04DB
S1135100821741F0822F8F5F80936D04863010F0F8
S113511010926D04892F99278FBF0AC0A0E0442301
S113512009F4A1E071E006C0222311F010E069C087
S1135130A0E070E08FB7F8949927209134028FBFD4
S1135140222341F08FB7F89499272AE0209316067A
S11351508FBF43C08FB7F89499276091FA034091A9
S1135160FC038FBF8FB7F894282F332750E090911A
S11351706C0480916D04981709F451E02FBF5523F6
S113518049F5662339F55FB7F89482E08093FA0312
S11351908FB7F894282F332740E090916C048091C6
S11351A06D04981709F441E02FBF442311F080E007
S11351B006C0E0916D04FF27E459FB4F8281809380
S11351C0FB03852F99278FBF83E48093F403109208
S11351D00F050BC04150423010F010E007C085E4C9
S11351E08093F40381E080930F0511E0772349F065
S11351F08FB7F8949927A0933D028FBF85E10E9451
S1135200A802809116068A3009F4ACC0112309F46F
S1135210ADC02FB7F8943327109244091092430974
S11352201092F00381E0809316062FBF0E94F506CA
S1135230882309F49BC08FB7F894992729E0209319
S113524016068FBF0E945B0491C08091C1008F7BC2
S11352508093C1008091C1008F778093C100109228
S1135260E30510923F038091C10088608093C100E0
S11352708091C10080618093C1008091C1008068E9
S11352808093C1000E94AC1A71C00E94E3026EC0F8
S11352908091C100877F8093C1008091C1008F7E7F
S11352A08093C10063C010923A02109239028FB702
S11352B0F89499278FBFE0913702F09138028091DA
S11352C03F02882309F052C08385893809F04EC013
S11352D0EA5DF84009F04AC010921B0247C00E94E0
S11352E0AC0144C00E94F01D41C00E94E21C3EC0BB
S11352F080911402E82FFF27EE0FFF1FEA58FB4F9F
S11353006081718141E00E941D1D30C00E94062011
S11353102DC00E94D8112AC0713709F01DCDFDCCD3
S113532081E080930C021092330280917A008F778F
S113533080937A00D4CD80913202E82EFF24870135
S1135340B2CD81E080930B0210922D0280932E0245
S11353508CE00E94A80227CE80912C02E82EFF2424
S1135360870105CE0E94900601C02FBF22960FB67A
S1135370F894DEBF0FBECDBFDF91CF911F910F9187
S1135380FF90EF90DF90CF90BF90AF909F908F9061
S11353907F906F905F904F903F902F9008958091F1
S11353A00D098F3FB1F0282F3327F901E259FD4F42
S11353B0808180930D098F3F11F480932A098FEF28
S11353C080832F3F31F0822F0E94CC2281E090E035
S11353D0089580E090E00895FF920F931F93FFB625
S11353E0F8944CE150E06FEF70E08EE692E00E949A
S11353F0892E8FEF80930D0980932A0956985E9821
S113540054985C9880916F008F7D80936F00209AF0
S1135410289A279A2F980E9A169A8EEF93E09093D3
S113542061028093600210924F038AE58093FF0229
S113543081E08093810080E28093B60083E08093D2
S1135440B10080918400909185004AE72091840006
S1135450309185002817390708F44150442311F08E
S1135460C901F4CF9091B2008091B2008917E1F3A1
S113547020918400309185009091B2008091B20017
S11354808917E1F38091840090918500821B930B2E
S1135490409635E0969587953A95E1F790930F09F4
S11354A080930E091092B1008091B1008093810025
S11354B0809181008093B6001092B2001092850012
S11354C0109284008FEF87BB87B386BB8091B600B0
S11354D08571E1F70A9A099A089A129A119A109A10
S11354E018B88FEF87B90C98149810929500109201
S11354F0940080917100816080937100809191008B
S1135500887F82608093910010927A0010928500C7
S11355101092840080916F00816080936F0080916D
S11355208100887F82608093810081E085BF0E9432
S1135530CF298823E1F710926B0410925A02EBE210
S1135540F9E084EE95E081939193049629E0E334A5
S1135550F207C9F78CE08093360410921709EBE147
S1135560F6E08CE396E081939193C39626E0E333CF
S1135570F207C9F78CE080936A04109251031092E9
S11355804C0210924D0210921009109211091092BF
S113559012091092130910925B028FEF9FEF909300
S11355A0C2088093C1081092C4081092C3081092D4
S11355B0C5081092C608109267028FB7F89499270D
S11355C020910202309103028FBF3093340620935E
S11355D033066AE18AE093E00E9463039093F20346
S11355E08093F10382E493E090931D0980931C0956
S11355F08FEA95E09093F7038093F6038FB7F894BE
S1135600992720910202309103028FBF30938B02BD
S113561020938A0210926202E8E8F4E010823E9637
S113562085E0E431F807D1F712E006E060910E0955
S113563070910F09882799272CE0660F771F881F20
S1135640991F2A95D1F720E031EE40E050E00E9406
S1135650112E215030402093C400832F992780932A
S1135660C5001093C0000093C2001092C1002093A3
S1135670CC008093CD001093C8000093CA00109210
S1135680C90084E490E09093C8088093C7081092FE
S1135690FA031092FC03109216061092F003109273
S11356A0F4031092140910924409109243091092C1
S11356B0230910920F051092BC081092BB08109297
S11356C0090310921A061092D50810924003109202
S11356D07F0410927E0410926D0410926C04109258
S11356E06802109210058FEF8093F30380E00E940C
S11356F0730520910002309101022F5F3F4FC901D1
S1135700AA27BB2780934A0390934B03A0934C038F
S1135710B0934D0384E593E0909355028093540233
S1135720C39690935702809356028AEB93E090932A
S11357305902809358028091B60080628093B6002B
S11357408091B60081FDFCCF82E08093B00080910F
S1135750B60080FDFCCF83E08093B1008091B60059
S113576083FDFCCF86EE8093B3008091700082604D
S1135770809370000E9429098FEF9FEF9093CC08CB
S11357808093CB089093CE088093CD089093D00853
S11357908093CF089093D2088093D1089093D40833
S11357A08093D308809100028295807F8093500378
S11357B08FEF8093AE020E94CF298823E1F78F2DCB
S11357C099278FBF789482E10E94A8028FB7F8943A
S11357D0482F552757C08091700099278370907087
S11357E0892B19F4E5E0F0E014C08091B6008A71C9
S11357F0E1F78091B3009091B200891B8C3038F0AE
S11358008091B200853F18F4E3E0F0E002C0E2E0EA
S1135810F0E080916E00867009F580916F008E72C1
S1135820E9F4809171008E72C9F40CB407FC16C0BF
S11358308091C100807E91F48091C900807E71F4D2
S11358408091BC0082FD0AC080917A0087FF03C06A
S113585081E090E005C085E090E002C080E090E047
S113586023B78E1708F4E82FFF27EC5FFC4FE49171
S1135870207F2160E22BE3BF78948895F89483B766
S11358808E7F83BF80910D098F3F09F4A4CF282F09
S11358903327F901E259FD4F808180930D098F3F31
S11358A011F480932A098FEF80832F3F09F493CF5B
S11358B04FBF822F0E94CC2289CFACE2B0E0E3E656
S11358C0FCE20C94522E222E332E442E552E662E9C
S11358D0772E882E992EFE013196A8E01192AA9572
S11358E0E9F729823A824B825C826D827E828F82C2
S11358F09886FE013996B8E01192BA95E9F7A9861F
S1135900BA86CB86DC86ED86FE860F87188B898166
S11359109A81AB81BC8189A79AA7ABA7BCA77C015C
S11359208D018FEF9FEFA0E0B0E0E822F9220A2377
S11359301B2389A59AA5ABA5BCA51D014424552408
S113594089859A85AB85BC858DA39EA3AFA3B8A793
S11359505C016D018FEF9FEFA0E0B0E0A822B922B7
S1135960CA22DB228DA19EA1AFA1B8A53D01882446
S11359709924C801B701A60195010E94332E69A399
S11359807AA38BA39CA3C801B701A40193010E942D
S1135990332E7B018C01C201B101A60195010E9445
S11359A0332E5B016C01C201B101A40193010E9479
S11359B0332E3B014C01EA0CFB1C0C1D1D1D89A15F
S11359C09AA1ABA1BCA19D01442755272E0D3F1DD3
S11359D0401F511F2A153B054C055D0540F480E02E
S11359E090E0A1E0B0E0680E791E8A1E9B1ECA01F9
S11359F0AA27BB27860D971DA81DB91D8D8F9E8FC5
S1135A00AF8FB8A3A9013327222789A19AA1ABA1FB
S1135A10BCA1A070B070280F391F4A1F5B1F298FCB
S1135A203A8F4B8F5C8FA98CBA8CCB8CDC8CED8C31
S1135A30FE8C0F8D18A1FE01719698E011929A9533
S1135A40E9F7ED8AFE8A0F8B188F2D813E814F81F5
S1135A5058856DA17EA18FA198A50E94332E3B018C
S1135A604C012D853E854F85588969A57AA58BA55E
S1135A709CA50E94332E2D893E894F89588D260F6F
S1135A80371F481F591F260D371D481D591D2D8BC3
S1135A903E8B4F8B588F6D887E888F88988C2A2DEB
S1135AA03B2D4C2D5D2D662D772D882D992DE2E112
S1135AB0AC960C946E2EA0E1B0E0E1E6FDE20C940D
S1135AC0522E222E332E442E552E662E772E882EBD
S1135AD0992E002309F466C088E0FE0131961192E4
S1135AE08A95E9F729833A834B835C836D837E83AC
S1135AF08F829887E0E2E01B1E16CCF52D813E8153
S1135B004F815885602F772767FD7095DA01C901A9
S1135B10062E04C0B695A795979587950A94D2F753
S1135B208D879E87AF87B88B04C0220F331F441F15
S1135B30551FEA95D2F789819A81AB81BC8104C053
S1135B40B695A795979587956A95D2F7282B392B03
S1135B504A2B5B2B29873A874B875C8729843A84B5
S1135B604B845C846D847E848F8498881BC01D86DE
S1135B701E861F86188A2E2F332727FD30953095D1
S1135B8021953F4F8D819E81AF81B88504C0B69524
S1135B90A795979587952A95D2F789879A87AB8792
S1135BA0BC87DCCF222D332D442D552D662D772D2A
S1135BB0882D992DE2E160960C946E2E991B79E064
S1135BC004C0991F961708F0961B881F7A95C9F789
S1135BD080950895AA1BBB1B51E107C0AA1FBB1FD8
S1135BE0A617B70710F0A61BB70B881F991F5A9565
S1135BF0A9F780959095BC01CD01089597FB092ED6
S1135C0007260AD077FD04D0E5DF06D000201AF479
S1135C10709561957F4F0895F6F7909581959F4F04
S1135C200895A1E21A2EAA1BBB1BFD010DC0AA1FD9
S1135C30BB1FEE1FFF1FA217B307E407F50720F0F1
S1135C40A21BB30BE40BF50B661F771F881F991F6C
S1135C501A9469F760957095809590959B01AC01B5
S1135C60BD01CF010895629FD001739FF001829F0F
S1135C70E00DF11D649FE00DF11D929FF00D839FD7
S1135C80F00D749FF00D659FF00D9927729FB00D74
S1135C90E11DF91F639FB00DE11DF91FBD01CF0187
S1135CA0112408952F923F924F925F926F927F92A8
S1135CB08F929F92AF92BF92CF92DF92EF92FF9218
S1135CC00F931F93CF93DF93CDB7DEB7CA1BDB0BC4
S1135CD00FB6F894DEBF0FBECDBF09942A88398869
S1135CE048885F846E847D848C849B84AA84B98470
S1135CF0C884DF80EE80FD800C811B81AA81B9817C
S1135D00CE0FD11D0FB6F894DEBF0FBECDBFED018F
S1135D100895DC0101C06D9341505040E0F70895AF
S1055D20FFCFAF
S1135D220100010022FFFFFFFFFFFF0101FF470502
S10D5D327A05470502018000000015
S9030000FC
